DEBUG:urllib3.connectionpool:Starting new HTTP connection (1): localhost:9292
DEBUG:urllib3.connectionpool:http://localhost:9292 "PUT /pacts/provider/Inventory/consumer/python-data-aggregator/version/111 HTTP/1.1" 201 3852
DEBUG:urllib3.connectionpool:Starting new HTTP connection (1): localhost:9292
DEBUG:urllib3.connectionpool:http://localhost:9292 "PUT /pacticipants/python-data-aggregator/versions/111/tags/prod HTTP/1.1" 201 493
DEBUG:urllib3.connectionpool:Starting new HTTP connection (1): localhost:9292
DEBUG:urllib3.connectionpool:http://localhost:9292 "PUT /pacts/provider/Shipping/consumer/python-data-aggregator/version/111 HTTP/1.1" 201 3849
DEBUG:urllib3.connectionpool:Starting new HTTP connection (1): localhost:9292
DEBUG:urllib3.connectionpool:http://localhost:9292 "PUT /pacticipants/python-data-aggregator/versions/111/tags/prod HTTP/1.1" 200 493
DEBUG:urllib3.connectionpool:Starting new HTTP connection (1): localhost:9292
DEBUG:urllib3.connectionpool:http://localhost:9292 "PUT /pacts/provider/Account/consumer/python-data-aggregator/version/111 HTTP/1.1" 201 3895
DEBUG:urllib3.connectionpool:Starting new HTTP connection (1): localhost:9292
DEBUG:urllib3.connectionpool:http://localhost:9292 "PUT /pacticipants/python-data-aggregator/versions/111/tags/prod HTTP/1.1" 200 493
DEBUG:urllib3.connectionpool:Starting new HTTP connection (1): localhost:9292
DEBUG:urllib3.connectionpool:http://localhost:9292 "PUT /pacts/provider/Inventory/consumer/python-data-aggregator/version/111 HTTP/1.1" 200 3852
DEBUG:urllib3.connectionpool:Starting new HTTP connection (1): localhost:9292
DEBUG:urllib3.connectionpool:http://localhost:9292 "PUT /pacticipants/python-data-aggregator/versions/111/tags/prod HTTP/1.1" 200 493
DEBUG:urllib3.connectionpool:Starting new HTTP connection (1): localhost:9292
DEBUG:urllib3.connectionpool:http://localhost:9292 "PUT /pacts/provider/Shipping/consumer/python-data-aggregator/version/111 HTTP/1.1" 200 3849
DEBUG:urllib3.connectionpool:Starting new HTTP connection (1): localhost:9292
DEBUG:urllib3.connectionpool:http://localhost:9292 "PUT /pacticipants/python-data-aggregator/versions/111/tags/prod HTTP/1.1" 200 493
DEBUG:urllib3.connectionpool:Starting new HTTP connection (1): localhost:9292
DEBUG:urllib3.connectionpool:http://localhost:9292 "PUT /pacts/provider/Account/consumer/python-data-aggregator/version/111 HTTP/1.1" 200 3895
DEBUG:urllib3.connectionpool:Starting new HTTP connection (1): localhost:9292
DEBUG:urllib3.connectionpool:http://localhost:9292 "PUT /pacticipants/python-data-aggregator/versions/111/tags/prod HTTP/1.1" 200 493
